<?xml version="1.0" encoding="UTF-8"?>
<testsuite xmlns:xsi="http://www.w3.org/2001/XMLSchema-instance" xsi:noNamespaceSchemaLocation="https://maven.apache.org/surefire/maven-surefire-plugin/xsd/surefire-test-report-3.0.xsd" version="3.0" name="OpenWeatherApiTests" time="5.899" tests="11" errors="0" skipped="0" failures="0">
  <properties>
[...]
</properties>
  <testcase name="testResponseTime" classname="OpenWeatherApiTests" time="1.881"/>
  <testcase name="validateResponseSchema" classname="OpenWeatherApiTests" time="1.147"/>
  <testcase name="testLatLonQueryParameters" classname="OpenWeatherApiTests" time="0.269"/>
  <testcase name="testTemperatureRange" classname="OpenWeatherApiTests" time="0.265"/>
  <testcase name="testCityNameInResponse" classname="OpenWeatherApiTests" time="0.25"/>
  <testcase name="testOptionalRainField" classname="OpenWeatherApiTests" time="0.219">
    <system-out><![CDATA[Rain field is not present; no rain reported.
]]></system-out>
  </testcase>
  <testcase name="testInvalidApiKey" classname="OpenWeatherApiTests" time="0.242"/>
  <testcase name="testStatusCode200" classname="OpenWeatherApiTests" time="0.229"/>
  <testcase name="testMissingRequiredParameter" classname="OpenWeatherApiTests" time="0.232"/>
  <testcase name="testContentTypeJSON" classname="OpenWeatherApiTests" time="0.367"/>
  <testcase name="testInvalidLatLonInputs" classname="OpenWeatherApiTests" time="0.243"/>
</testsuite>